Analysis & Synthesis report for RISCV
Sat Jun 27 14:08:51 2026
Quartus Prime Version 21.1.1 Build 850 06/23/2022 SJ Lite Edition


---------------------
; Table of Contents ;
---------------------
  1. Legal Notice
  2. Analysis & Synthesis Summary
  3. Analysis & Synthesis Settings
  4. Parallel Compilation
  5. Analysis & Synthesis Source Files Read
  6. Analysis & Synthesis Resource Usage Summary
  7. Analysis & Synthesis Resource Utilization by Entity
  8. Analysis & Synthesis RAM Summary
  9. State Machine - |pl_top_no_pll|pl_cpu:cpu|pl_datapath:datapath|pl_mmio:mmio|pl_uart:uart_inst|rx_state
 10. State Machine - |pl_top_no_pll|pl_cpu:cpu|pl_datapath:datapath|pl_mmio:mmio|pl_uart:uart_inst|tx_state
 11. Registers Removed During Synthesis
 12. Removed Registers Triggering Further Register Optimizations
 13. General Register Statistics
 14. Inverted Register Statistics
 15. Multiplexer Restructuring Statistics (Restructuring Performed)
 16. Source assignments for pl_cpu:cpu|pl_datapath:datapath|pl_regfile:regfile|altsyncram:rf_rtl_0|altsyncram_kvc1:auto_generated
 17. Parameter Settings for User Entity Instance: pl_cpu:cpu|pl_datapath:datapath|pl_mmio:mmio|pl_uart:uart_inst
 18. Parameter Settings for Inferred Entity Instance: pl_cpu:cpu|pl_datapath:datapath|pl_regfile:regfile|altsyncram:rf_rtl_0
 19. altsyncram Parameter Settings by Entity Instance
 20. Port Connectivity Checks: "pl_cpu:cpu"
 21. Post-Synthesis Netlist Statistics for Top Partition
 22. Elapsed Time Per Partition
 23. Analysis & Synthesis Messages
 24. Analysis & Synthesis Suppressed Messages



----------------
; Legal Notice ;
----------------
Copyright (C) 2022  Intel Corporation. All rights reserved.
Your use of Intel Corporation's design tools, logic functions 
and other software and tools, and any partner logic 
functions, and any output files from any of the foregoing 
(including device programming or simulation files), and any 
associated documentation or information are expressly subject 
to the terms and conditions of the Intel Program License 
Subscription Agreement, the Intel Quartus Prime License Agreement,
the Intel FPGA IP License Agreement, or other applicable license
agreement, including, without limitation, that your use is for
the sole purpose of programming logic devices manufactured by
Intel and sold by Intel or its authorized distributors.  Please
refer to the applicable agreement for further details, at
https://fpgasoftware.intel.com/eula.



+----------------------------------------------------------------------------------+
; Analysis & Synthesis Summary                                                     ;
+------------------------------------+---------------------------------------------+
; Analysis & Synthesis Status        ; Successful - Sat Jun 27 14:08:51 2026       ;
; Quartus Prime Version              ; 21.1.1 Build 850 06/23/2022 SJ Lite Edition ;
; Revision Name                      ; RISCV                                       ;
; Top-level Entity Name              ; pl_top_no_pll                               ;
; Family                             ; Cyclone IV E                                ;
; Total logic elements               ; 18,200                                      ;
;     Total combinational functions  ; 8,909                                       ;
;     Dedicated logic registers      ; 9,717                                       ;
; Total registers                    ; 9717                                        ;
; Total pins                         ; 52                                          ;
; Total virtual pins                 ; 0                                           ;
; Total memory bits                  ; 1,024                                       ;
; Embedded Multiplier 9-bit elements ; 0                                           ;
; Total PLLs                         ; 0                                           ;
+------------------------------------+---------------------------------------------+


+------------------------------------------------------------------------------------------------------------+
; Analysis & Synthesis Settings                                                                              ;
+------------------------------------------------------------------+--------------------+--------------------+
; Option                                                           ; Setting            ; Default Value      ;
+------------------------------------------------------------------+--------------------+--------------------+
; Device                                                           ; EP4CE115F29C7      ;                    ;
; Top-level entity name                                            ; pl_top_no_pll      ; RISCV              ;
; Family name                                                      ; Cyclone IV E       ; Cyclone V          ;
; Use smart compilation                                            ; Off                ; Off                ;
; Enable parallel Assembler and Timing Analyzer during compilation ; On                 ; On                 ;
; Enable compact report table                                      ; Off                ; Off                ;
; Restructure Multiplexers                                         ; Auto               ; Auto               ;
; Create Debugging Nodes for IP Cores                              ; Off                ; Off                ;
; Preserve fewer node names                                        ; On                 ; On                 ;
; Intel FPGA IP Evaluation Mode                                    ; Enable             ; Enable             ;
; Verilog Version                                                  ; Verilog_2001       ; Verilog_2001       ;
; VHDL Version                                                     ; VHDL_1993          ; VHDL_1993          ;
; State Machine Processing                                         ; Auto               ; Auto               ;
; Safe State Machine                                               ; Off                ; Off                ;
; Extract Verilog State Machines                                   ; On                 ; On                 ;
; Extract VHDL State Machines                                      ; On                 ; On                 ;
; Ignore Verilog initial constructs                                ; Off                ; Off                ;
; Iteration limit for constant Verilog loops                       ; 5000               ; 5000               ;
; Iteration limit for non-constant Verilog loops                   ; 250                ; 250                ;
; Add Pass-Through Logic to Inferred RAMs                          ; On                 ; On                 ;
; Infer RAMs from Raw Logic                                        ; On                 ; On                 ;
; Parallel Synthesis                                               ; On                 ; On                 ;
; DSP Block Balancing                                              ; Auto               ; Auto               ;
; NOT Gate Push-Back                                               ; On                 ; On                 ;
; Power-Up Don't Care                                              ; On                 ; On                 ;
; Remove Redundant Logic Cells                                     ; Off                ; Off                ;
; Remove Duplicate Registers                                       ; On                 ; On                 ;
; Ignore CARRY Buffers                                             ; Off                ; Off                ;
; Ignore CASCADE Buffers                                           ; Off                ; Off                ;
; Ignore GLOBAL Buffers                                            ; Off                ; Off                ;
; Ignore ROW GLOBAL Buffers                                        ; Off                ; Off                ;
; Ignore LCELL Buffers                                             ; Off                ; Off                ;
; Ignore SOFT Buffers                                              ; On                 ; On                 ;
; Limit AHDL Integers to 32 Bits                                   ; Off                ; Off                ;
; Optimization Technique                                           ; Balanced           ; Balanced           ;
; Carry Chain Length                                               ; 70                 ; 70                 ;
; Auto Carry Chains                                                ; On                 ; On                 ;
; Auto Open-Drain Pins                                             ; On                 ; On                 ;
; Perform WYSIWYG Primitive Resynthesis                            ; Off                ; Off                ;
; Auto ROM Replacement                                             ; On                 ; On                 ;
; Auto RAM Replacement                                             ; On                 ; On                 ;
; Auto DSP Block Replacement                                       ; On                 ; On                 ;
; Auto Shift Register Replacement                                  ; Auto               ; Auto               ;
; Allow Shift Register Merging across Hierarchies                  ; Auto               ; Auto               ;
; Auto Clock Enable Replacement                                    ; On                 ; On                 ;
; Strict RAM Replacement                                           ; Off                ; Off                ;
; Allow Synchronous Control Signals                                ; On                 ; On                 ;
; Force Use of Synchronous Clear Signals                           ; Off                ; Off                ;
; Auto RAM Block Balancing                                         ; On                 ; On                 ;
; Auto RAM to Logic Cell Conversion                                ; Off                ; Off                ;
; Auto Resource Sharing                                            ; Off                ; Off                ;
; Allow Any RAM Size For Recognition                               ; Off                ; Off                ;
; Allow Any ROM Size For Recognition                               ; Off                ; Off                ;
; Allow Any Shift Register Size For Recognition                    ; Off                ; Off                ;
; Use LogicLock Constraints during Resource Balancing              ; On                 ; On                 ;
; Ignore translate_off and synthesis_off directives                ; Off                ; Off                ;
; Timing-Driven Synthesis                                          ; On                 ; On                 ;
; Report Parameter Settings                                        ; On                 ; On                 ;
; Report Source Assignments                                        ; On                 ; On                 ;
; Report Connectivity Checks                                       ; On                 ; On                 ;
; Ignore Maximum Fan-Out Assignments                               ; Off                ; Off                ;
; Synchronization Register Chain Length                            ; 2                  ; 2                  ;
; Power Optimization During Synthesis                              ; Normal compilation ; Normal compilation ;
; HDL message level                                                ; Level2             ; Level2             ;
; Suppress Register Optimization Related Messages                  ; Off                ; Off                ;
; Number of Removed Registers Reported in Synthesis Report         ; 5000               ; 5000               ;
; Number of Swept Nodes Reported in Synthesis Report               ; 5000               ; 5000               ;
; Number of Inverted Registers Reported in Synthesis Report        ; 100                ; 100                ;
; Clock MUX Protection                                             ; On                 ; On                 ;
; Auto Gated Clock Conversion                                      ; Off                ; Off                ;
; Block Design Naming                                              ; Auto               ; Auto               ;
; SDC constraint protection                                        ; Off                ; Off                ;
; Synthesis Effort                                                 ; Auto               ; Auto               ;
; Shift Register Replacement - Allow Asynchronous Clear Signal     ; On                 ; On                 ;
; Pre-Mapping Resynthesis Optimization                             ; Off                ; Off                ;
; Analysis & Synthesis Message Level                               ; Medium             ; Medium             ;
; Disable Register Merging Across Hierarchies                      ; Auto               ; Auto               ;
; Resource Aware Inference For Block RAM                           ; On                 ; On                 ;
+------------------------------------------------------------------+--------------------+--------------------+


+------------------------------------------+
; Parallel Compilation                     ;
+----------------------------+-------------+
; Processors                 ; Number      ;
+----------------------------+-------------+
; Number detected on machine ; 16          ;
; Maximum allowed            ; 16          ;
;                            ;             ;
; Average used               ; 1.02        ;
; Maximum used               ; 16          ;
;                            ;             ;
; Usage by Processor         ; % Time Used ;
;     Processor 1            ; 100.0%      ;
;     Processor 2            ;   0.2%      ;
;     Processor 3            ;   0.2%      ;
;     Processor 4            ;   0.2%      ;
;     Processor 5            ;   0.2%      ;
;     Processor 6            ;   0.2%      ;
;     Processor 7            ;   0.2%      ;
;     Processor 8            ;   0.2%      ;
;     Processors 9-16        ;   0.1%      ;
+----------------------------+-------------+


+----------------------------------------------------------------------------------------------------------------------------------------------------------------------------+
; Analysis & Synthesis Source Files Read                                                                                                                                     ;
+----------------------------------+-----------------+------------------------------+------------------------------------------------------------------------------+---------+
; File Name with User-Entered Path ; Used in Netlist ; File Type                    ; File Name with Absolute Path                                                 ; Library ;
+----------------------------------+-----------------+------------------------------+------------------------------------------------------------------------------+---------+
; ../src/pl_uart.sv                ; yes             ; User SystemVerilog HDL File  ; C:/Users/phso/Documents/RISC-V-PIPELINE-CPU/src/pl_uart.sv                   ;         ;
; ../src/pl_top_no_pll.sv          ; yes             ; User SystemVerilog HDL File  ; C:/Users/phso/Documents/RISC-V-PIPELINE-CPU/src/pl_top_no_pll.sv             ;         ;
; ../src/pl_sign_ext.sv            ; yes             ; User SystemVerilog HDL File  ; C:/Users/phso/Documents/RISC-V-PIPELINE-CPU/src/pl_sign_ext.sv               ;         ;
; ../src/pl_regfile.sv             ; yes             ; User SystemVerilog HDL File  ; C:/Users/phso/Documents/RISC-V-PIPELINE-CPU/src/pl_regfile.sv                ;         ;
; ../src/pl_pipe_pkg.sv            ; yes             ; User SystemVerilog HDL File  ; C:/Users/phso/Documents/RISC-V-PIPELINE-CPU/src/pl_pipe_pkg.sv               ;         ;
; ../src/pl_mmio.sv                ; yes             ; User SystemVerilog HDL File  ; C:/Users/phso/Documents/RISC-V-PIPELINE-CPU/src/pl_mmio.sv                   ;         ;
; ../src/pl_imem.sv                ; yes             ; User SystemVerilog HDL File  ; C:/Users/phso/Documents/RISC-V-PIPELINE-CPU/src/pl_imem.sv                   ;         ;
; ../src/pl_hazard.sv              ; yes             ; User SystemVerilog HDL File  ; C:/Users/phso/Documents/RISC-V-PIPELINE-CPU/src/pl_hazard.sv                 ;         ;
; ../src/pl_forward.sv             ; yes             ; User SystemVerilog HDL File  ; C:/Users/phso/Documents/RISC-V-PIPELINE-CPU/src/pl_forward.sv                ;         ;
; ../src/pl_dmem.sv                ; yes             ; User SystemVerilog HDL File  ; C:/Users/phso/Documents/RISC-V-PIPELINE-CPU/src/pl_dmem.sv                   ;         ;
; ../src/pl_datapath.sv            ; yes             ; User SystemVerilog HDL File  ; C:/Users/phso/Documents/RISC-V-PIPELINE-CPU/src/pl_datapath.sv               ;         ;
; ../src/pl_cpu.sv                 ; yes             ; User SystemVerilog HDL File  ; C:/Users/phso/Documents/RISC-V-PIPELINE-CPU/src/pl_cpu.sv                    ;         ;
; ../src/pl_control.sv             ; yes             ; User SystemVerilog HDL File  ; C:/Users/phso/Documents/RISC-V-PIPELINE-CPU/src/pl_control.sv                ;         ;
; ../src/pl_alu_ctrl.sv            ; yes             ; User SystemVerilog HDL File  ; C:/Users/phso/Documents/RISC-V-PIPELINE-CPU/src/pl_alu_ctrl.sv               ;         ;
; ../src/pl_alu.sv                 ; yes             ; User SystemVerilog HDL File  ; C:/Users/phso/Documents/RISC-V-PIPELINE-CPU/src/pl_alu.sv                    ;         ;
; altsyncram.tdf                   ; yes             ; Megafunction                 ; c:/intelfpga_lite/21.1/quartus/libraries/megafunctions/altsyncram.tdf        ;         ;
; stratix_ram_block.inc            ; yes             ; Megafunction                 ; c:/intelfpga_lite/21.1/quartus/libraries/megafunctions/stratix_ram_block.inc ;         ;
; lpm_mux.inc                      ; yes             ; Megafunction                 ; c:/intelfpga_lite/21.1/quartus/libraries/megafunctions/lpm_mux.inc           ;         ;
; lpm_decode.inc                   ; yes             ; Megafunction                 ; c:/intelfpga_lite/21.1/quartus/libraries/megafunctions/lpm_decode.inc        ;         ;
; aglobal211.inc                   ; yes             ; Megafunction                 ; c:/intelfpga_lite/21.1/quartus/libraries/megafunctions/aglobal211.inc        ;         ;
; a_rdenreg.inc                    ; yes             ; Megafunction                 ; c:/intelfpga_lite/21.1/quartus/libraries/megafunctions/a_rdenreg.inc         ;         ;
; altrom.inc                       ; yes             ; Megafunction                 ; c:/intelfpga_lite/21.1/quartus/libraries/megafunctions/altrom.inc            ;         ;
; altram.inc                       ; yes             ; Megafunction                 ; c:/intelfpga_lite/21.1/quartus/libraries/megafunctions/altram.inc            ;         ;
; altdpram.inc                     ; yes             ; Megafunction                 ; c:/intelfpga_lite/21.1/quartus/libraries/megafunctions/altdpram.inc          ;         ;
; db/altsyncram_kvc1.tdf           ; yes             ; Auto-Generated Megafunction  ; C:/Users/phso/Documents/RISC-V-PIPELINE-CPU/quartus/db/altsyncram_kvc1.tdf   ;         ;
+----------------------------------+-----------------+------------------------------+------------------------------------------------------------------------------+---------+


+--------------------------------------------------------------+
; Analysis & Synthesis Resource Usage Summary                  ;
+---------------------------------------------+----------------+
; Resource                                    ; Usage          ;
+---------------------------------------------+----------------+
; Estimated Total logic elements              ; 18,200         ;
;                                             ;                ;
; Total combinational functions               ; 8909           ;
; Logic element usage by number of LUT inputs ;                ;
;     -- 4 input functions                    ; 7538           ;
;     -- 3 input functions                    ; 705            ;
;     -- <=2 input functions                  ; 666            ;
;                                             ;                ;
; Logic elements by mode                      ;                ;
;     -- normal mode                          ; 8709           ;
;     -- arithmetic mode                      ; 200            ;
;                                             ;                ;
; Total registers                             ; 9717           ;
;     -- Dedicated logic registers            ; 9717           ;
;     -- I/O registers                        ; 0              ;
;                                             ;                ;
; I/O pins                                    ; 52             ;
; Total memory bits                           ; 1024           ;
;                                             ;                ;
; Embedded Multiplier 9-bit elements          ; 0              ;
;                                             ;                ;
; Maximum fan-out node                        ; CLOCK_50~input ;
; Maximum fan-out                             ; 9749           ;
; Total fan-out                               ; 63501          ;
; Average fan-out                             ; 3.38           ;
+---------------------------------------------+----------------+


+------------------------------------------------------------------------------------------------------------------------------------------------------------------------------------------------------------------------------------------------------------------------------------------------------------------------------------+
; Analysis & Synthesis Resource Utilization by Entity                                                                                                                                                                                                                                                                                ;
+-------------------------------------------------+---------------------+---------------------------+-------------+--------------+---------+-----------+------+--------------+----------------------------------------------------------------------------------------------------------------------+-----------------+--------------+
; Compilation Hierarchy Node                      ; Combinational ALUTs ; Dedicated Logic Registers ; Memory Bits ; DSP Elements ; DSP 9x9 ; DSP 18x18 ; Pins ; Virtual Pins ; Full Hierarchy Name                                                                                                  ; Entity Name     ; Library Name ;
+-------------------------------------------------+---------------------+---------------------------+-------------+--------------+---------+-----------+------+--------------+----------------------------------------------------------------------------------------------------------------------+-----------------+--------------+
; |pl_top_no_pll                                  ; 8909 (0)            ; 9717 (0)                  ; 1024        ; 0            ; 0       ; 0         ; 52   ; 0            ; |pl_top_no_pll                                                                                                       ; pl_top_no_pll   ; work         ;
;    |pl_cpu:cpu|                                 ; 8909 (0)            ; 9717 (0)                  ; 1024        ; 0            ; 0       ; 0         ; 0    ; 0            ; |pl_top_no_pll|pl_cpu:cpu                                                                                            ; pl_cpu          ; work         ;
;       |pl_alu_ctrl:alu_ctrl|                    ; 12 (12)             ; 0 (0)                     ; 0           ; 0            ; 0       ; 0         ; 0    ; 0            ; |pl_top_no_pll|pl_cpu:cpu|pl_alu_ctrl:alu_ctrl                                                                       ; pl_alu_ctrl     ; work         ;
;       |pl_control:ctrl|                         ; 3 (3)               ; 0 (0)                     ; 0           ; 0            ; 0       ; 0         ; 0    ; 0            ; |pl_top_no_pll|pl_cpu:cpu|pl_control:ctrl                                                                            ; pl_control      ; work         ;
;       |pl_datapath:datapath|                    ; 8894 (679)          ; 9717 (330)                ; 1024        ; 0            ; 0       ; 0         ; 0    ; 0            ; |pl_top_no_pll|pl_cpu:cpu|pl_datapath:datapath                                                                       ; pl_datapath     ; work         ;
;          |pl_alu:alu|                           ; 742 (742)           ; 0 (0)                     ; 0           ; 0            ; 0       ; 0         ; 0    ; 0            ; |pl_top_no_pll|pl_cpu:cpu|pl_datapath:datapath|pl_alu:alu                                                            ; pl_alu          ; work         ;
;          |pl_dmem:dmem|                         ; 6550 (6550)         ; 8192 (8192)               ; 0           ; 0            ; 0       ; 0         ; 0    ; 0            ; |pl_top_no_pll|pl_cpu:cpu|pl_datapath:datapath|pl_dmem:dmem                                                          ; pl_dmem         ; work         ;
;          |pl_forward:forward|                   ; 19 (19)             ; 0 (0)                     ; 0           ; 0            ; 0       ; 0         ; 0    ; 0            ; |pl_top_no_pll|pl_cpu:cpu|pl_datapath:datapath|pl_forward:forward                                                    ; pl_forward      ; work         ;
;          |pl_hazard:hazard|                     ; 9 (9)               ; 0 (0)                     ; 0           ; 0            ; 0       ; 0         ; 0    ; 0            ; |pl_top_no_pll|pl_cpu:cpu|pl_datapath:datapath|pl_hazard:hazard                                                      ; pl_hazard       ; work         ;
;          |pl_imem:imem|                         ; 58 (58)             ; 0 (0)                     ; 0           ; 0            ; 0       ; 0         ; 0    ; 0            ; |pl_top_no_pll|pl_cpu:cpu|pl_datapath:datapath|pl_imem:imem                                                          ; pl_imem         ; work         ;
;          |pl_mmio:mmio|                         ; 145 (46)            ; 170 (95)                  ; 0           ; 0            ; 0       ; 0         ; 0    ; 0            ; |pl_top_no_pll|pl_cpu:cpu|pl_datapath:datapath|pl_mmio:mmio                                                          ; pl_mmio         ; work         ;
;             |pl_uart:uart_inst|                 ; 99 (99)             ; 75 (75)                   ; 0           ; 0            ; 0       ; 0         ; 0    ; 0            ; |pl_top_no_pll|pl_cpu:cpu|pl_datapath:datapath|pl_mmio:mmio|pl_uart:uart_inst                                        ; pl_uart         ; work         ;
;          |pl_regfile:regfile|                   ; 691 (691)           ; 1025 (1025)               ; 1024        ; 0            ; 0       ; 0         ; 0    ; 0            ; |pl_top_no_pll|pl_cpu:cpu|pl_datapath:datapath|pl_regfile:regfile                                                    ; pl_regfile      ; work         ;
;             |altsyncram:rf_rtl_0|               ; 0 (0)               ; 0 (0)                     ; 1024        ; 0            ; 0       ; 0         ; 0    ; 0            ; |pl_top_no_pll|pl_cpu:cpu|pl_datapath:datapath|pl_regfile:regfile|altsyncram:rf_rtl_0                                ; altsyncram      ; work         ;
;                |altsyncram_kvc1:auto_generated| ; 0 (0)               ; 0 (0)                     ; 1024        ; 0            ; 0       ; 0         ; 0    ; 0            ; |pl_top_no_pll|pl_cpu:cpu|pl_datapath:datapath|pl_regfile:regfile|altsyncram:rf_rtl_0|altsyncram_kvc1:auto_generated ; altsyncram_kvc1 ; work         ;
;          |pl_sign_ext:sign_ext|                 ; 1 (1)               ; 0 (0)                     ; 0           ; 0            ; 0       ; 0         ; 0    ; 0            ; |pl_top_no_pll|pl_cpu:cpu|pl_datapath:datapath|pl_sign_ext:sign_ext                                                  ; pl_sign_ext     ; work         ;
+-------------------------------------------------+---------------------+---------------------------+-------------+--------------+---------+-----------+------+--------------+----------------------------------------------------------------------------------------------------------------------+-----------------+--------------+
Note: For table entries with two numbers listed, the numbers in parentheses indicate the number of resources of the given type used by the specific entity alone. The numbers listed outside of parentheses indicate the total resources of the given type used by the specific entity and all of its sub-entities in the hierarchy.


+----------------------------------------------------------------------------------------------------------------------------------------------------------------------------------------------------------------------+
; Analysis & Synthesis RAM Summary                                                                                                                                                                                     ;
+------------------------------------------------------------------------------------------------------------------+------+------------------+--------------+--------------+--------------+--------------+------+------+
; Name                                                                                                             ; Type ; Mode             ; Port A Depth ; Port A Width ; Port B Depth ; Port B Width ; Size ; MIF  ;
+------------------------------------------------------------------------------------------------------------------+------+------------------+--------------+--------------+--------------+--------------+------+------+
; pl_cpu:cpu|pl_datapath:datapath|pl_regfile:regfile|altsyncram:rf_rtl_0|altsyncram_kvc1:auto_generated|ALTSYNCRAM ; AUTO ; Simple Dual Port ; 32           ; 32           ; 32           ; 32           ; 1024 ; None ;
+------------------------------------------------------------------------------------------------------------------+------+------------------+--------------+--------------+--------------+--------------+------+------+


Encoding Type:  One-Hot
+--------------------------------------------------------------------------------------------------------+
; State Machine - |pl_top_no_pll|pl_cpu:cpu|pl_datapath:datapath|pl_mmio:mmio|pl_uart:uart_inst|rx_state ;
+-------------------+------------------+------------------+-------------------+--------------------------+
; Name              ; rx_state.RX_STOP ; rx_state.RX_DATA ; rx_state.RX_START ; rx_state.RX_IDLE         ;
+-------------------+------------------+------------------+-------------------+--------------------------+
; rx_state.RX_IDLE  ; 0                ; 0                ; 0                 ; 0                        ;
; rx_state.RX_START ; 0                ; 0                ; 1                 ; 1                        ;
; rx_state.RX_DATA  ; 0                ; 1                ; 0                 ; 1                        ;
; rx_state.RX_STOP  ; 1                ; 0                ; 0                 ; 1                        ;
+-------------------+------------------+------------------+-------------------+--------------------------+


Encoding Type:  One-Hot
+--------------------------------------------------------------------------------------------------------+
; State Machine - |pl_top_no_pll|pl_cpu:cpu|pl_datapath:datapath|pl_mmio:mmio|pl_uart:uart_inst|tx_state ;
+-------------------+------------------+------------------+-------------------+--------------------------+
; Name              ; tx_state.TX_STOP ; tx_state.TX_DATA ; tx_state.TX_START ; tx_state.TX_IDLE         ;
+-------------------+------------------+------------------+-------------------+--------------------------+
; tx_state.TX_IDLE  ; 0                ; 0                ; 0                 ; 0                        ;
; tx_state.TX_START ; 0                ; 0                ; 1                 ; 1                        ;
; tx_state.TX_DATA  ; 0                ; 1                ; 0                 ; 1                        ;
; tx_state.TX_STOP  ; 1                ; 0                ; 0                 ; 1                        ;
+-------------------+------------------+------------------+-------------------+--------------------------+


+-------------------------------------------------------------------------------------------------------------------------+
; Registers Removed During Synthesis                                                                                      ;
+---------------------------------------------------------------------------+---------------------------------------------+
; Register name                                                             ; Reason for Removal                          ;
+---------------------------------------------------------------------------+---------------------------------------------+
; pl_cpu:cpu|pl_datapath:datapath|if_id.instr[2,3]                          ; Stuck at GND due to stuck port data_in      ;
; pl_cpu:cpu|pl_datapath:datapath|pl_regfile:regfile|rf~32                  ; Stuck at GND due to stuck port clock_enable ;
; pl_cpu:cpu|pl_datapath:datapath|pl_regfile:regfile|rf~31                  ; Stuck at GND due to stuck port clock_enable ;
; pl_cpu:cpu|pl_datapath:datapath|pl_regfile:regfile|rf~30                  ; Stuck at GND due to stuck port clock_enable ;
; pl_cpu:cpu|pl_datapath:datapath|pl_regfile:regfile|rf~29                  ; Stuck at GND due to stuck port clock_enable ;
; pl_cpu:cpu|pl_datapath:datapath|pl_regfile:regfile|rf~28                  ; Stuck at GND due to stuck port clock_enable ;
; pl_cpu:cpu|pl_datapath:datapath|pl_regfile:regfile|rf~27                  ; Stuck at GND due to stuck port clock_enable ;
; pl_cpu:cpu|pl_datapath:datapath|pl_regfile:regfile|rf~26                  ; Stuck at GND due to stuck port clock_enable ;
; pl_cpu:cpu|pl_datapath:datapath|pl_regfile:regfile|rf~25                  ; Stuck at GND due to stuck port clock_enable ;
; pl_cpu:cpu|pl_datapath:datapath|pl_regfile:regfile|rf~24                  ; Stuck at GND due to stuck port clock_enable ;
; pl_cpu:cpu|pl_datapath:datapath|pl_regfile:regfile|rf~23                  ; Stuck at GND due to stuck port clock_enable ;
; pl_cpu:cpu|pl_datapath:datapath|pl_regfile:regfile|rf~22                  ; Stuck at GND due to stuck port clock_enable ;
; pl_cpu:cpu|pl_datapath:datapath|pl_regfile:regfile|rf~21                  ; Stuck at GND due to stuck port clock_enable ;
; pl_cpu:cpu|pl_datapath:datapath|pl_regfile:regfile|rf~20                  ; Stuck at GND due to stuck port clock_enable ;
; pl_cpu:cpu|pl_datapath:datapath|pl_regfile:regfile|rf~19                  ; Stuck at GND due to stuck port clock_enable ;
; pl_cpu:cpu|pl_datapath:datapath|pl_regfile:regfile|rf~18                  ; Stuck at GND due to stuck port clock_enable ;
; pl_cpu:cpu|pl_datapath:datapath|pl_regfile:regfile|rf~17                  ; Stuck at GND due to stuck port clock_enable ;
; pl_cpu:cpu|pl_datapath:datapath|pl_regfile:regfile|rf~16                  ; Stuck at GND due to stuck port clock_enable ;
; pl_cpu:cpu|pl_datapath:datapath|pl_regfile:regfile|rf~15                  ; Stuck at GND due to stuck port clock_enable ;
; pl_cpu:cpu|pl_datapath:datapath|pl_regfile:regfile|rf~14                  ; Stuck at GND due to stuck port clock_enable ;
; pl_cpu:cpu|pl_datapath:datapath|pl_regfile:regfile|rf~13                  ; Stuck at GND due to stuck port clock_enable ;
; pl_cpu:cpu|pl_datapath:datapath|pl_regfile:regfile|rf~12                  ; Stuck at GND due to stuck port clock_enable ;
; pl_cpu:cpu|pl_datapath:datapath|pl_regfile:regfile|rf~11                  ; Stuck at GND due to stuck port clock_enable ;
; pl_cpu:cpu|pl_datapath:datapath|pl_regfile:regfile|rf~10                  ; Stuck at GND due to stuck port clock_enable ;
; pl_cpu:cpu|pl_datapath:datapath|pl_regfile:regfile|rf~9                   ; Stuck at GND due to stuck port clock_enable ;
; pl_cpu:cpu|pl_datapath:datapath|pl_regfile:regfile|rf~8                   ; Stuck at GND due to stuck port clock_enable ;
; pl_cpu:cpu|pl_datapath:datapath|pl_regfile:regfile|rf~7                   ; Stuck at GND due to stuck port clock_enable ;
; pl_cpu:cpu|pl_datapath:datapath|pl_regfile:regfile|rf~6                   ; Stuck at GND due to stuck port clock_enable ;
; pl_cpu:cpu|pl_datapath:datapath|pl_regfile:regfile|rf~5                   ; Stuck at GND due to stuck port clock_enable ;
; pl_cpu:cpu|pl_datapath:datapath|pl_regfile:regfile|rf~4                   ; Stuck at GND due to stuck port clock_enable ;
; pl_cpu:cpu|pl_datapath:datapath|pl_regfile:regfile|rf~3                   ; Stuck at GND due to stuck port clock_enable ;
; pl_cpu:cpu|pl_datapath:datapath|pl_regfile:regfile|rf~2                   ; Stuck at GND due to stuck port clock_enable ;
; pl_cpu:cpu|pl_datapath:datapath|pl_regfile:regfile|rf~1                   ; Stuck at GND due to stuck port clock_enable ;
; pl_cpu:cpu|pl_datapath:datapath|pl_mmio:mmio|pl_uart:uart_inst|rx_state~8 ; Lost fanout                                 ;
; pl_cpu:cpu|pl_datapath:datapath|pl_mmio:mmio|pl_uart:uart_inst|rx_state~9 ; Lost fanout                                 ;
; pl_cpu:cpu|pl_datapath:datapath|pl_mmio:mmio|pl_uart:uart_inst|tx_state~8 ; Lost fanout                                 ;
; pl_cpu:cpu|pl_datapath:datapath|pl_mmio:mmio|pl_uart:uart_inst|tx_state~9 ; Lost fanout                                 ;
; pl_cpu:cpu|pl_datapath:datapath|id_ex.pc[10..31]                          ; Lost fanout                                 ;
; pl_cpu:cpu|pl_datapath:datapath|if_id.pc[10..31]                          ; Lost fanout                                 ;
; pl_cpu:cpu|pl_datapath:datapath|pc_reg[10..31]                            ; Lost fanout                                 ;
; Total Number of Removed Registers = 104                                   ;                                             ;
+---------------------------------------------------------------------------+---------------------------------------------+


+-------------------------------------------------------------------------------------------------------------------+
; Removed Registers Triggering Further Register Optimizations                                                       ;
+----------------------------------------------+--------------------+-----------------------------------------------+
; Register name                                ; Reason for Removal ; Registers Removed due to This Register        ;
+----------------------------------------------+--------------------+-----------------------------------------------+
; pl_cpu:cpu|pl_datapath:datapath|id_ex.pc[31] ; Lost Fanouts       ; pl_cpu:cpu|pl_datapath:datapath|if_id.pc[31], ;
;                                              ;                    ; pl_cpu:cpu|pl_datapath:datapath|pc_reg[31]    ;
; pl_cpu:cpu|pl_datapath:datapath|id_ex.pc[30] ; Lost Fanouts       ; pl_cpu:cpu|pl_datapath:datapath|if_id.pc[30], ;
;                                              ;                    ; pl_cpu:cpu|pl_datapath:datapath|pc_reg[30]    ;
; pl_cpu:cpu|pl_datapath:datapath|id_ex.pc[29] ; Lost Fanouts       ; pl_cpu:cpu|pl_datapath:datapath|if_id.pc[29], ;
;                                              ;                    ; pl_cpu:cpu|pl_datapath:datapath|pc_reg[29]    ;
; pl_cpu:cpu|pl_datapath:datapath|id_ex.pc[28] ; Lost Fanouts       ; pl_cpu:cpu|pl_datapath:datapath|if_id.pc[28], ;
;                                              ;                    ; pl_cpu:cpu|pl_datapath:datapath|pc_reg[28]    ;
; pl_cpu:cpu|pl_datapath:datapath|id_ex.pc[27] ; Lost Fanouts       ; pl_cpu:cpu|pl_datapath:datapath|if_id.pc[27], ;
;                                              ;                    ; pl_cpu:cpu|pl_datapath:datapath|pc_reg[27]    ;
; pl_cpu:cpu|pl_datapath:datapath|id_ex.pc[26] ; Lost Fanouts       ; pl_cpu:cpu|pl_datapath:datapath|if_id.pc[26], ;
;                                              ;                    ; pl_cpu:cpu|pl_datapath:datapath|pc_reg[26]    ;
; pl_cpu:cpu|pl_datapath:datapath|id_ex.pc[25] ; Lost Fanouts       ; pl_cpu:cpu|pl_datapath:datapath|if_id.pc[25], ;
;                                              ;                    ; pl_cpu:cpu|pl_datapath:datapath|pc_reg[25]    ;
; pl_cpu:cpu|pl_datapath:datapath|id_ex.pc[24] ; Lost Fanouts       ; pl_cpu:cpu|pl_datapath:datapath|if_id.pc[24], ;
;                                              ;                    ; pl_cpu:cpu|pl_datapath:datapath|pc_reg[24]    ;
; pl_cpu:cpu|pl_datapath:datapath|id_ex.pc[23] ; Lost Fanouts       ; pl_cpu:cpu|pl_datapath:datapath|if_id.pc[23], ;
;                                              ;                    ; pl_cpu:cpu|pl_datapath:datapath|pc_reg[23]    ;
; pl_cpu:cpu|pl_datapath:datapath|id_ex.pc[22] ; Lost Fanouts       ; pl_cpu:cpu|pl_datapath:datapath|if_id.pc[22], ;
;                                              ;                    ; pl_cpu:cpu|pl_datapath:datapath|pc_reg[22]    ;
; pl_cpu:cpu|pl_datapath:datapath|id_ex.pc[21] ; Lost Fanouts       ; pl_cpu:cpu|pl_datapath:datapath|if_id.pc[21], ;
;                                              ;                    ; pl_cpu:cpu|pl_datapath:datapath|pc_reg[21]    ;
; pl_cpu:cpu|pl_datapath:datapath|id_ex.pc[20] ; Lost Fanouts       ; pl_cpu:cpu|pl_datapath:datapath|if_id.pc[20], ;
;                                              ;                    ; pl_cpu:cpu|pl_datapath:datapath|pc_reg[20]    ;
; pl_cpu:cpu|pl_datapath:datapath|id_ex.pc[19] ; Lost Fanouts       ; pl_cpu:cpu|pl_datapath:datapath|if_id.pc[19], ;
;                                              ;                    ; pl_cpu:cpu|pl_datapath:datapath|pc_reg[19]    ;
; pl_cpu:cpu|pl_datapath:datapath|id_ex.pc[18] ; Lost Fanouts       ; pl_cpu:cpu|pl_datapath:datapath|if_id.pc[18], ;
;                                              ;                    ; pl_cpu:cpu|pl_datapath:datapath|pc_reg[18]    ;
; pl_cpu:cpu|pl_datapath:datapath|id_ex.pc[17] ; Lost Fanouts       ; pl_cpu:cpu|pl_datapath:datapath|if_id.pc[17], ;
;                                              ;                    ; pl_cpu:cpu|pl_datapath:datapath|pc_reg[17]    ;
; pl_cpu:cpu|pl_datapath:datapath|id_ex.pc[16] ; Lost Fanouts       ; pl_cpu:cpu|pl_datapath:datapath|if_id.pc[16], ;
;                                              ;                    ; pl_cpu:cpu|pl_datapath:datapath|pc_reg[16]    ;
; pl_cpu:cpu|pl_datapath:datapath|id_ex.pc[15] ; Lost Fanouts       ; pl_cpu:cpu|pl_datapath:datapath|if_id.pc[15], ;
;                                              ;                    ; pl_cpu:cpu|pl_datapath:datapath|pc_reg[15]    ;
; pl_cpu:cpu|pl_datapath:datapath|id_ex.pc[14] ; Lost Fanouts       ; pl_cpu:cpu|pl_datapath:datapath|if_id.pc[14], ;
;                                              ;                    ; pl_cpu:cpu|pl_datapath:datapath|pc_reg[14]    ;
; pl_cpu:cpu|pl_datapath:datapath|id_ex.pc[13] ; Lost Fanouts       ; pl_cpu:cpu|pl_datapath:datapath|if_id.pc[13], ;
;                                              ;                    ; pl_cpu:cpu|pl_datapath:datapath|pc_reg[13]    ;
; pl_cpu:cpu|pl_datapath:datapath|id_ex.pc[12] ; Lost Fanouts       ; pl_cpu:cpu|pl_datapath:datapath|if_id.pc[12], ;
;                                              ;                    ; pl_cpu:cpu|pl_datapath:datapath|pc_reg[12]    ;
; pl_cpu:cpu|pl_datapath:datapath|id_ex.pc[11] ; Lost Fanouts       ; pl_cpu:cpu|pl_datapath:datapath|if_id.pc[11], ;
;                                              ;                    ; pl_cpu:cpu|pl_datapath:datapath|pc_reg[11]    ;
; pl_cpu:cpu|pl_datapath:datapath|id_ex.pc[10] ; Lost Fanouts       ; pl_cpu:cpu|pl_datapath:datapath|if_id.pc[10], ;
;                                              ;                    ; pl_cpu:cpu|pl_datapath:datapath|pc_reg[10]    ;
+----------------------------------------------+--------------------+-----------------------------------------------+


+------------------------------------------------------+
; General Register Statistics                          ;
+----------------------------------------------+-------+
; Statistic                                    ; Value ;
+----------------------------------------------+-------+
; Total registers                              ; 9717  ;
; Number of registers using Synchronous Clear  ; 33    ;
; Number of registers using Synchronous Load   ; 43    ;
; Number of registers using Asynchronous Clear ; 501   ;
; Number of registers using Asynchronous Load  ; 0     ;
; Number of registers using Clock Enable       ; 9381  ;
; Number of registers using Preset             ; 0     ;
+----------------------------------------------+-------+


+--------------------------------------------------------------------------------+
; Inverted Register Statistics                                                   ;
+----------------------------------------------------------------------+---------+
; Inverted Register                                                    ; Fan out ;
+----------------------------------------------------------------------+---------+
; pl_cpu:cpu|pl_datapath:datapath|pl_mmio:mmio|pl_uart:uart_inst|TXD   ; 1       ;
; pl_cpu:cpu|pl_datapath:datapath|pl_mmio:mmio|pl_uart:uart_inst|rxd_q ; 8       ;
; pl_cpu:cpu|pl_datapath:datapath|pl_mmio:mmio|pl_uart:uart_inst|rxd_s ; 1       ;
; Total number of inverted registers = 3                               ;         ;
+----------------------------------------------------------------------+---------+


+-----------------------------------------------------------------------------------------------------------------------------------------------------------------------------------------------------------+
; Multiplexer Restructuring Statistics (Restructuring Performed)                                                                                                                                            ;
+--------------------+-----------+---------------+----------------------+------------------------+------------+---------------------------------------------------------------------------------------------+
; Multiplexer Inputs ; Bus Width ; Baseline Area ; Area if Restructured ; Saving if Restructured ; Registered ; Example Multiplexer Output                                                                  ;
+--------------------+-----------+---------------+----------------------+------------------------+------------+---------------------------------------------------------------------------------------------+
; 3:1                ; 8 bits    ; 16 LEs        ; 16 LEs               ; 0 LEs                  ; Yes        ; |pl_top_no_pll|pl_cpu:cpu|pl_datapath:datapath|mem_wb.read_data[8]                          ;
; 3:1                ; 2 bits    ; 4 LEs         ; 2 LEs                ; 2 LEs                  ; Yes        ; |pl_top_no_pll|pl_cpu:cpu|pl_datapath:datapath|pl_mmio:mmio|tx_byte_idx[1]                  ;
; 3:1                ; 6 bits    ; 12 LEs        ; 6 LEs                ; 6 LEs                  ; Yes        ; |pl_top_no_pll|pl_cpu:cpu|pl_datapath:datapath|id_ex.imm_ext[5]                             ;
; 3:1                ; 2 bits    ; 4 LEs         ; 2 LEs                ; 2 LEs                  ; Yes        ; |pl_top_no_pll|pl_cpu:cpu|pl_datapath:datapath|if_id.instr[0]                               ;
; 3:1                ; 55 bits   ; 110 LEs       ; 55 LEs               ; 55 LEs                 ; Yes        ; |pl_top_no_pll|pl_cpu:cpu|pl_datapath:datapath|if_id.pc[11]                                 ;
; 3:1                ; 30 bits   ; 60 LEs        ; 30 LEs               ; 30 LEs                 ; Yes        ; |pl_top_no_pll|pl_cpu:cpu|pl_datapath:datapath|pc_reg[29]                                   ;
; 3:1                ; 32 bits   ; 64 LEs        ; 32 LEs               ; 32 LEs                 ; Yes        ; |pl_top_no_pll|pl_cpu:cpu|pl_datapath:datapath|id_ex.rd2[7]                                 ;
; 4:1                ; 16 bits   ; 32 LEs        ; 16 LEs               ; 16 LEs                 ; Yes        ; |pl_top_no_pll|pl_cpu:cpu|pl_datapath:datapath|pl_mmio:mmio|pl_uart:uart_inst|tx_cnt[6]     ;
; 4:1                ; 32 bits   ; 64 LEs        ; 64 LEs               ; 0 LEs                  ; Yes        ; |pl_top_no_pll|pl_cpu:cpu|pl_datapath:datapath|id_ex.rd1[18]                                ;
; 6:1                ; 3 bits    ; 12 LEs        ; 3 LEs                ; 9 LEs                  ; Yes        ; |pl_top_no_pll|pl_cpu:cpu|pl_datapath:datapath|pl_mmio:mmio|pl_uart:uart_inst|rx_bit_idx[0] ;
; 6:1                ; 3 bits    ; 12 LEs        ; 3 LEs                ; 9 LEs                  ; Yes        ; |pl_top_no_pll|pl_cpu:cpu|pl_datapath:datapath|pl_mmio:mmio|pl_uart:uart_inst|tx_bit_idx[0] ;
; 33:1               ; 4 bits    ; 88 LEs        ; 8 LEs                ; 80 LEs                 ; Yes        ; |pl_top_no_pll|pl_cpu:cpu|pl_datapath:datapath|id_ex.imm_ext[2]                             ;
; 5:1                ; 16 bits   ; 48 LEs        ; 16 LEs               ; 32 LEs                 ; Yes        ; |pl_top_no_pll|pl_cpu:cpu|pl_datapath:datapath|pl_mmio:mmio|pl_uart:uart_inst|rx_cnt[7]     ;
; 8:1                ; 7 bits    ; 35 LEs        ; 21 LEs               ; 14 LEs                 ; Yes        ; |pl_top_no_pll|pl_cpu:cpu|pl_datapath:datapath|pl_mmio:mmio|pl_uart:uart_inst|tx_sr[4]      ;
; 11:1               ; 2 bits    ; 14 LEs        ; 8 LEs                ; 6 LEs                  ; Yes        ; |pl_top_no_pll|pl_cpu:cpu|pl_datapath:datapath|mem_wb.read_data[0]                          ;
; 11:1               ; 3 bits    ; 21 LEs        ; 12 LEs               ; 9 LEs                  ; Yes        ; |pl_top_no_pll|pl_cpu:cpu|pl_datapath:datapath|mem_wb.read_data[5]                          ;
; 11:1               ; 2 bits    ; 14 LEs        ; 8 LEs                ; 6 LEs                  ; Yes        ; |pl_top_no_pll|pl_cpu:cpu|pl_datapath:datapath|mem_wb.read_data[2]                          ;
; 3:1                ; 14 bits   ; 28 LEs        ; 28 LEs               ; 0 LEs                  ; No         ; |pl_top_no_pll|pl_cpu:cpu|pl_datapath:datapath|mem_read_data[18]                            ;
; 3:1                ; 5 bits    ; 10 LEs        ; 10 LEs               ; 0 LEs                  ; No         ; |pl_top_no_pll|pl_cpu:cpu|pl_datapath:datapath|if_id                                        ;
; 3:1                ; 32 bits   ; 64 LEs        ; 64 LEs               ; 0 LEs                  ; No         ; |pl_top_no_pll|pl_cpu:cpu|pl_datapath:datapath|Selector55                                   ;
; 3:1                ; 32 bits   ; 64 LEs        ; 64 LEs               ; 0 LEs                  ; No         ; |pl_top_no_pll|pl_cpu:cpu|pl_datapath:datapath|Selector16                                   ;
; 9:1                ; 2 bits    ; 12 LEs        ; 8 LEs                ; 4 LEs                  ; No         ; |pl_top_no_pll|pl_cpu:cpu|pl_datapath:datapath|mem_read_data[16]                            ;
; 9:1                ; 6 bits    ; 36 LEs        ; 24 LEs               ; 12 LEs                 ; No         ; |pl_top_no_pll|pl_cpu:cpu|pl_datapath:datapath|mem_read_data[14]                            ;
; 9:1                ; 3 bits    ; 18 LEs        ; 6 LEs                ; 12 LEs                 ; No         ; |pl_top_no_pll|pl_cpu:cpu|pl_datapath:datapath|mem_read_data[7]                             ;
; 9:1                ; 8 bits    ; 48 LEs        ; 16 LEs               ; 32 LEs                 ; No         ; |pl_top_no_pll|pl_cpu:cpu|pl_datapath:datapath|write_data_aligned[24]                       ;
; 6:1                ; 4 bits    ; 16 LEs        ; 8 LEs                ; 8 LEs                  ; No         ; |pl_top_no_pll|pl_cpu:cpu|pl_datapath:datapath|comb                                         ;
; 6:1                ; 2 bits    ; 8 LEs         ; 4 LEs                ; 4 LEs                  ; No         ; |pl_top_no_pll|pl_cpu:cpu|pl_datapath:datapath|pl_mmio:mmio|pl_uart:uart_inst|Selector27    ;
; 8:1                ; 2 bits    ; 10 LEs        ; 4 LEs                ; 6 LEs                  ; No         ; |pl_top_no_pll|pl_cpu:cpu|pl_datapath:datapath|pl_mmio:mmio|pl_uart:uart_inst|Selector52    ;
; 8:1                ; 2 bits    ; 10 LEs        ; 4 LEs                ; 6 LEs                  ; No         ; |pl_top_no_pll|pl_cpu:cpu|pl_datapath:datapath|pl_mmio:mmio|pl_uart:uart_inst|Selector49    ;
; 8:1                ; 2 bits    ; 10 LEs        ; 4 LEs                ; 6 LEs                  ; No         ; |pl_top_no_pll|pl_cpu:cpu|pl_datapath:datapath|pl_mmio:mmio|pl_uart:uart_inst|Selector26    ;
; 21:1               ; 8 bits    ; 112 LEs       ; 56 LEs               ; 56 LEs                 ; No         ; |pl_top_no_pll|pl_cpu:cpu|pl_datapath:datapath|pl_alu:alu|Mux16                             ;
; 22:1               ; 7 bits    ; 98 LEs        ; 56 LEs               ; 42 LEs                 ; No         ; |pl_top_no_pll|pl_cpu:cpu|pl_datapath:datapath|pl_alu:alu|Mux9                              ;
; 22:1               ; 4 bits    ; 56 LEs        ; 32 LEs               ; 24 LEs                 ; No         ; |pl_top_no_pll|pl_cpu:cpu|pl_datapath:datapath|pl_alu:alu|Mux24                             ;
; 23:1               ; 4 bits    ; 60 LEs        ; 36 LEs               ; 24 LEs                 ; No         ; |pl_top_no_pll|pl_cpu:cpu|pl_datapath:datapath|pl_alu:alu|Mux5                              ;
; 23:1               ; 2 bits    ; 30 LEs        ; 18 LEs               ; 12 LEs                 ; No         ; |pl_top_no_pll|pl_cpu:cpu|pl_datapath:datapath|pl_alu:alu|Mux29                             ;
; 24:1               ; 2 bits    ; 32 LEs        ; 20 LEs               ; 12 LEs                 ; No         ; |pl_top_no_pll|pl_cpu:cpu|pl_datapath:datapath|pl_alu:alu|Mux2                              ;
+--------------------+-----------+---------------+----------------------+------------------------+------------+---------------------------------------------------------------------------------------------+


+------------------------------------------------------------------------------------------------------------------------------+
; Source assignments for pl_cpu:cpu|pl_datapath:datapath|pl_regfile:regfile|altsyncram:rf_rtl_0|altsyncram_kvc1:auto_generated ;
+---------------------------------+--------------------+------+----------------------------------------------------------------+
; Assignment                      ; Value              ; From ; To                                                             ;
+---------------------------------+--------------------+------+----------------------------------------------------------------+
; OPTIMIZE_POWER_DURING_SYNTHESIS ; NORMAL_COMPILATION ; -    ; -                                                              ;
+---------------------------------+--------------------+------+----------------------------------------------------------------+


+-------------------------------------------------------------------------------------------------------------+
; Parameter Settings for User Entity Instance: pl_cpu:cpu|pl_datapath:datapath|pl_mmio:mmio|pl_uart:uart_inst ;
+----------------+----------+---------------------------------------------------------------------------------+
; Parameter Name ; Value    ; Type                                                                            ;
+----------------+----------+---------------------------------------------------------------------------------+
; CLK_HZ         ; 50000000 ; Signed Integer                                                                  ;
; BAUD           ; 9600     ; Signed Integer                                                                  ;
+----------------+----------+---------------------------------------------------------------------------------+
Note: In order to hide this table in the UI and the text report file, please set the "Show Parameter Settings in Synthesis Report" option in "Analysis and Synthesis Settings -> More Settings" to "Off".


+-------------------------------------------------------------------------------------------------------------------------+
; Parameter Settings for Inferred Entity Instance: pl_cpu:cpu|pl_datapath:datapath|pl_regfile:regfile|altsyncram:rf_rtl_0 ;
+------------------------------------+----------------------+-------------------------------------------------------------+
; Parameter Name                     ; Value                ; Type                                                        ;
+------------------------------------+----------------------+-------------------------------------------------------------+
; BYTE_SIZE_BLOCK                    ; 8                    ; Untyped                                                     ;
; AUTO_CARRY_CHAINS                  ; ON                   ; AUTO_CARRY                                                  ;
; IGNORE_CARRY_BUFFERS               ; OFF                  ; IGNORE_CARRY                                                ;
; AUTO_CASCADE_CHAINS                ; ON                   ; AUTO_CASCADE                                                ;
; IGNORE_CASCADE_BUFFERS             ; OFF                  ; IGNORE_CASCADE                                              ;
; WIDTH_BYTEENA                      ; 1                    ; Untyped                                                     ;
; OPERATION_MODE                     ; DUAL_PORT            ; Untyped                                                     ;
; WIDTH_A                            ; 32                   ; Untyped                                                     ;
; WIDTHAD_A                          ; 5                    ; Untyped                                                     ;
; NUMWORDS_A                         ; 32                   ; Untyped                                                     ;
; OUTDATA_REG_A                      ; UNREGISTERED         ; Untyped                                                     ;
; ADDRESS_ACLR_A                     ; NONE                 ; Untyped                                                     ;
; OUTDATA_ACLR_A                     ; NONE                 ; Untyped                                                     ;
; WRCONTROL_ACLR_A                   ; NONE                 ; Untyped                                                     ;
; INDATA_ACLR_A                      ; NONE                 ; Untyped                                                     ;
; BYTEENA_ACLR_A                     ; NONE                 ; Untyped                                                     ;
; WIDTH_B                            ; 32                   ; Untyped                                                     ;
; WIDTHAD_B                          ; 5                    ; Untyped                                                     ;
; NUMWORDS_B                         ; 32                   ; Untyped                                                     ;
; INDATA_REG_B                       ; CLOCK1               ; Untyped                                                     ;
; WRCONTROL_WRADDRESS_REG_B          ; CLOCK1               ; Untyped                                                     ;
; RDCONTROL_REG_B                    ; CLOCK1               ; Untyped                                                     ;
; ADDRESS_REG_B                      ; CLOCK1               ; Untyped                                                     ;
; OUTDATA_REG_B                      ; UNREGISTERED         ; Untyped                                                     ;
; BYTEENA_REG_B                      ; CLOCK1               ; Untyped                                                     ;
; INDATA_ACLR_B                      ; NONE                 ; Untyped                                                     ;
; WRCONTROL_ACLR_B                   ; NONE                 ; Untyped                                                     ;
; ADDRESS_ACLR_B                     ; NONE                 ; Untyped                                                     ;
; OUTDATA_ACLR_B                     ; NONE                 ; Untyped                                                     ;
; RDCONTROL_ACLR_B                   ; NONE                 ; Untyped                                                     ;
; BYTEENA_ACLR_B                     ; NONE                 ; Untyped                                                     ;
; WIDTH_BYTEENA_A                    ; 1                    ; Untyped                                                     ;
; WIDTH_BYTEENA_B                    ; 1                    ; Untyped                                                     ;
; RAM_BLOCK_TYPE                     ; AUTO                 ; Untyped                                                     ;
; BYTE_SIZE                          ; 8                    ; Untyped                                                     ;
; READ_DURING_WRITE_MODE_MIXED_PORTS ; DONT_CARE            ; Untyped                                                     ;
; READ_DURING_WRITE_MODE_PORT_A      ; NEW_DATA_NO_NBE_READ ; Untyped                                                     ;
; READ_DURING_WRITE_MODE_PORT_B      ; NEW_DATA_NO_NBE_READ ; Untyped                                                     ;
; INIT_FILE                          ; UNUSED               ; Untyped                                                     ;
; INIT_FILE_LAYOUT                   ; PORT_A               ; Untyped                                                     ;
; MAXIMUM_DEPTH                      ; 0                    ; Untyped                                                     ;
; CLOCK_ENABLE_INPUT_A               ; NORMAL               ; Untyped                                                     ;
; CLOCK_ENABLE_INPUT_B               ; NORMAL               ; Untyped                                                     ;
; CLOCK_ENABLE_OUTPUT_A              ; NORMAL               ; Untyped                                                     ;
; CLOCK_ENABLE_OUTPUT_B              ; NORMAL               ; Untyped                                                     ;
; CLOCK_ENABLE_CORE_A                ; USE_INPUT_CLKEN      ; Untyped                                                     ;
; CLOCK_ENABLE_CORE_B                ; USE_INPUT_CLKEN      ; Untyped                                                     ;
; ENABLE_ECC                         ; FALSE                ; Untyped                                                     ;
; ECC_PIPELINE_STAGE_ENABLED         ; FALSE                ; Untyped                                                     ;
; WIDTH_ECCSTATUS                    ; 3                    ; Untyped                                                     ;
; DEVICE_FAMILY                      ; Cyclone IV E         ; Untyped                                                     ;
; CBXI_PARAMETER                     ; altsyncram_kvc1      ; Untyped                                                     ;
+------------------------------------+----------------------+-------------------------------------------------------------+
Note: In order to hide this table in the UI and the text report file, please set the "Show Parameter Settings in Synthesis Report" option in "Analysis and Synthesis Settings -> More Settings" to "Off".


+--------------------------------------------------------------------------------------------------------------------+
; altsyncram Parameter Settings by Entity Instance                                                                   ;
+-------------------------------------------+------------------------------------------------------------------------+
; Name                                      ; Value                                                                  ;
+-------------------------------------------+------------------------------------------------------------------------+
; Number of entity instances                ; 1                                                                      ;
; Entity Instance                           ; pl_cpu:cpu|pl_datapath:datapath|pl_regfile:regfile|altsyncram:rf_rtl_0 ;
;     -- OPERATION_MODE                     ; DUAL_PORT                                                              ;
;     -- WIDTH_A                            ; 32                                                                     ;
;     -- NUMWORDS_A                         ; 32                                                                     ;
;     -- OUTDATA_REG_A                      ; UNREGISTERED                                                           ;
;     -- WIDTH_B                            ; 32                                                                     ;
;     -- NUMWORDS_B                         ; 32                                                                     ;
;     -- ADDRESS_REG_B                      ; CLOCK1                                                                 ;
;     -- OUTDATA_REG_B                      ; UNREGISTERED                                                           ;
;     -- RAM_BLOCK_TYPE                     ; AUTO                                                                   ;
;     -- READ_DURING_WRITE_MODE_MIXED_PORTS ; DONT_CARE                                                              ;
+-------------------------------------------+------------------------------------------------------------------------+


+-----------------------------------------------------------+
; Port Connectivity Checks: "pl_cpu:cpu"                    ;
+--------------+--------+----------+------------------------+
; Port         ; Type   ; Severity ; Details                ;
+--------------+--------+----------+------------------------+
; PC           ; Output ; Info     ; Explicitly unconnected ;
; wb_reg_write ; Output ; Info     ; Explicitly unconnected ;
; wb_reg_dst   ; Output ; Info     ; Explicitly unconnected ;
; wb_reg_data  ; Output ; Info     ; Explicitly unconnected ;
; mem_wr_en    ; Output ; Info     ; Explicitly unconnected ;
; mem_wr_addr  ; Output ; Info     ; Explicitly unconnected ;
; mem_wr_data  ; Output ; Info     ; Explicitly unconnected ;
+--------------+--------+----------+------------------------+


+-----------------------------------------------------+
; Post-Synthesis Netlist Statistics for Top Partition ;
+-----------------------+-----------------------------+
; Type                  ; Count                       ;
+-----------------------+-----------------------------+
; boundary_port         ; 52                          ;
; cycloneiii_ff         ; 9717                        ;
;     CLR               ; 308                         ;
;     CLR SLD           ; 28                          ;
;     ENA               ; 9216                        ;
;     ENA CLR           ; 117                         ;
;     ENA CLR SCLR      ; 33                          ;
;     ENA CLR SLD       ; 15                          ;
; cycloneiii_lcell_comb ; 8910                        ;
;     arith             ; 200                         ;
;         2 data inputs ; 66                          ;
;         3 data inputs ; 134                         ;
;     normal            ; 8710                        ;
;         1 data inputs ; 29                          ;
;         2 data inputs ; 572                         ;
;         3 data inputs ; 571                         ;
;         4 data inputs ; 7538                        ;
; cycloneiii_ram_block  ; 32                          ;
;                       ;                             ;
; Max LUT depth         ; 24.00                       ;
; Average LUT depth     ; 9.15                        ;
+-----------------------+-----------------------------+


+-------------------------------+
; Elapsed Time Per Partition    ;
+----------------+--------------+
; Partition Name ; Elapsed Time ;
+----------------+--------------+
; Top            ; 00:00:16     ;
+----------------+--------------+


+-------------------------------+
; Analysis & Synthesis Messages ;
+-------------------------------+
Info: *******************************************************************
Info: Running Quartus Prime Analysis & Synthesis
    Info: Version 21.1.1 Build 850 06/23/2022 SJ Lite Edition
    Info: Processing started: Sat Jun 27 14:08:27 2026
Info: Command: quartus_map --read_settings_files=on --write_settings_files=off RISCV -c RISCV
Warning (18236): Number of processors has not been specified which may cause overloading on shared machines.  Set the global assignment NUM_PARALLEL_PROCESSORS in your QSF to an appropriate value for best performance.
Info (20030): Parallel compilation is enabled and will use 16 of the 16 processors detected
Info (12021): Found 1 design units, including 1 entities, in source file /users/phso/documents/risc-v-pipeline-cpu/src/pll_10mhz.v
    Info (12023): Found entity 1: pll_10mhz File: C:/Users/phso/Documents/RISC-V-PIPELINE-CPU/src/pll_10mhz.v Line: 14
Info (12021): Found 1 design units, including 1 entities, in source file /users/phso/documents/risc-v-pipeline-cpu/src/pl_uart.sv
    Info (12023): Found entity 1: pl_uart File: C:/Users/phso/Documents/RISC-V-PIPELINE-CPU/src/pl_uart.sv Line: 30
Info (12021): Found 1 design units, including 1 entities, in source file /users/phso/documents/risc-v-pipeline-cpu/src/pl_top_no_pll.sv
    Info (12023): Found entity 1: pl_top_no_pll File: C:/Users/phso/Documents/RISC-V-PIPELINE-CPU/src/pl_top_no_pll.sv Line: 35
Info (12021): Found 1 design units, including 1 entities, in source file /users/phso/documents/risc-v-pipeline-cpu/src/pl_top.sv
    Info (12023): Found entity 1: pl_top File: C:/Users/phso/Documents/RISC-V-PIPELINE-CPU/src/pl_top.sv Line: 22
Info (12021): Found 1 design units, including 1 entities, in source file /users/phso/documents/risc-v-pipeline-cpu/src/pl_sign_ext.sv
    Info (12023): Found entity 1: pl_sign_ext File: C:/Users/phso/Documents/RISC-V-PIPELINE-CPU/src/pl_sign_ext.sv Line: 14
Info (12021): Found 1 design units, including 1 entities, in source file /users/phso/documents/risc-v-pipeline-cpu/src/pl_regfile.sv
    Info (12023): Found entity 1: pl_regfile File: C:/Users/phso/Documents/RISC-V-PIPELINE-CPU/src/pl_regfile.sv Line: 23
Info (12021): Found 1 design units, including 0 entities, in source file /users/phso/documents/risc-v-pipeline-cpu/src/pl_pipe_pkg.sv
    Info (12022): Found design unit 1: pl_pipe_pkg (SystemVerilog) File: C:/Users/phso/Documents/RISC-V-PIPELINE-CPU/src/pl_pipe_pkg.sv Line: 12
Info (12021): Found 1 design units, including 1 entities, in source file /users/phso/documents/risc-v-pipeline-cpu/src/pl_mmio.sv
    Info (12023): Found entity 1: pl_mmio File: C:/Users/phso/Documents/RISC-V-PIPELINE-CPU/src/pl_mmio.sv Line: 25
Info (12021): Found 1 design units, including 1 entities, in source file /users/phso/documents/risc-v-pipeline-cpu/src/pl_imem.sv
    Info (12023): Found entity 1: pl_imem File: C:/Users/phso/Documents/RISC-V-PIPELINE-CPU/src/pl_imem.sv Line: 15
Info (12021): Found 1 design units, including 1 entities, in source file /users/phso/documents/risc-v-pipeline-cpu/src/pl_hazard.sv
    Info (12023): Found entity 1: pl_hazard File: C:/Users/phso/Documents/RISC-V-PIPELINE-CPU/src/pl_hazard.sv Line: 16
Info (12021): Found 1 design units, including 1 entities, in source file /users/phso/documents/risc-v-pipeline-cpu/src/pl_forward.sv
    Info (12023): Found entity 1: pl_forward File: C:/Users/phso/Documents/RISC-V-PIPELINE-CPU/src/pl_forward.sv Line: 16
Info (12021): Found 1 design units, including 1 entities, in source file /users/phso/documents/risc-v-pipeline-cpu/src/pl_dmem.sv
    Info (12023): Found entity 1: pl_dmem File: C:/Users/phso/Documents/RISC-V-PIPELINE-CPU/src/pl_dmem.sv Line: 16
Info (12021): Found 1 design units, including 1 entities, in source file /users/phso/documents/risc-v-pipeline-cpu/src/pl_datapath.sv
    Info (12023): Found entity 1: pl_datapath File: C:/Users/phso/Documents/RISC-V-PIPELINE-CPU/src/pl_datapath.sv Line: 27
Info (12021): Found 1 design units, including 1 entities, in source file /users/phso/documents/risc-v-pipeline-cpu/src/pl_cpu.sv
    Info (12023): Found entity 1: pl_cpu File: C:/Users/phso/Documents/RISC-V-PIPELINE-CPU/src/pl_cpu.sv Line: 20
Info (12021): Found 1 design units, including 1 entities, in source file /users/phso/documents/risc-v-pipeline-cpu/src/pl_control.sv
    Info (12023): Found entity 1: pl_control File: C:/Users/phso/Documents/RISC-V-PIPELINE-CPU/src/pl_control.sv Line: 29
Info (12021): Found 1 design units, including 1 entities, in source file /users/phso/documents/risc-v-pipeline-cpu/src/pl_alu_ctrl.sv
    Info (12023): Found entity 1: pl_alu_ctrl File: C:/Users/phso/Documents/RISC-V-PIPELINE-CPU/src/pl_alu_ctrl.sv Line: 18
Info (12021): Found 1 design units, including 1 entities, in source file /users/phso/documents/risc-v-pipeline-cpu/src/pl_alu.sv
    Info (12023): Found entity 1: pl_alu File: C:/Users/phso/Documents/RISC-V-PIPELINE-CPU/src/pl_alu.sv Line: 15
Info (12127): Elaborating entity "pl_top_no_pll" for the top level hierarchy
Info (12128): Elaborating entity "pl_cpu" for hierarchy "pl_cpu:cpu" File: C:/Users/phso/Documents/RISC-V-PIPELINE-CPU/src/pl_top_no_pll.sv Line: 69
Info (12128): Elaborating entity "pl_control" for hierarchy "pl_cpu:cpu|pl_control:ctrl" File: C:/Users/phso/Documents/RISC-V-PIPELINE-CPU/src/pl_cpu.sv Line: 68
Info (12128): Elaborating entity "pl_alu_ctrl" for hierarchy "pl_cpu:cpu|pl_alu_ctrl:alu_ctrl" File: C:/Users/phso/Documents/RISC-V-PIPELINE-CPU/src/pl_cpu.sv Line: 78
Info (12128): Elaborating entity "pl_datapath" for hierarchy "pl_cpu:cpu|pl_datapath:datapath" File: C:/Users/phso/Documents/RISC-V-PIPELINE-CPU/src/pl_cpu.sv Line: 111
Info (10264): Verilog HDL Case Statement information at pl_datapath.sv(256): all case item expressions in this case statement are onehot File: C:/Users/phso/Documents/RISC-V-PIPELINE-CPU/src/pl_datapath.sv Line: 256
Info (10264): Verilog HDL Case Statement information at pl_datapath.sv(265): all case item expressions in this case statement are onehot File: C:/Users/phso/Documents/RISC-V-PIPELINE-CPU/src/pl_datapath.sv Line: 265
Warning (10270): Verilog HDL Case Statement warning at pl_datapath.sv(291): incomplete case statement has no default case item File: C:/Users/phso/Documents/RISC-V-PIPELINE-CPU/src/pl_datapath.sv Line: 291
Warning (10270): Verilog HDL Case Statement warning at pl_datapath.sv(349): incomplete case statement has no default case item File: C:/Users/phso/Documents/RISC-V-PIPELINE-CPU/src/pl_datapath.sv Line: 349
Info (12128): Elaborating entity "pl_imem" for hierarchy "pl_cpu:cpu|pl_datapath:datapath|pl_imem:imem" File: C:/Users/phso/Documents/RISC-V-PIPELINE-CPU/src/pl_datapath.sv Line: 120
Warning (10858): Verilog HDL warning at pl_imem.sv(20): object rom used but never assigned File: C:/Users/phso/Documents/RISC-V-PIPELINE-CPU/src/pl_imem.sv Line: 20
Info (12128): Elaborating entity "pl_hazard" for hierarchy "pl_cpu:cpu|pl_datapath:datapath|pl_hazard:hazard" File: C:/Users/phso/Documents/RISC-V-PIPELINE-CPU/src/pl_datapath.sv Line: 151
Info (12128): Elaborating entity "pl_regfile" for hierarchy "pl_cpu:cpu|pl_datapath:datapath|pl_regfile:regfile" File: C:/Users/phso/Documents/RISC-V-PIPELINE-CPU/src/pl_datapath.sv Line: 165
Info (12128): Elaborating entity "pl_sign_ext" for hierarchy "pl_cpu:cpu|pl_datapath:datapath|pl_sign_ext:sign_ext" File: C:/Users/phso/Documents/RISC-V-PIPELINE-CPU/src/pl_datapath.sv Line: 170
Info (12128): Elaborating entity "pl_forward" for hierarchy "pl_cpu:cpu|pl_datapath:datapath|pl_forward:forward" File: C:/Users/phso/Documents/RISC-V-PIPELINE-CPU/src/pl_datapath.sv Line: 252
Info (12128): Elaborating entity "pl_alu" for hierarchy "pl_cpu:cpu|pl_datapath:datapath|pl_alu:alu" File: C:/Users/phso/Documents/RISC-V-PIPELINE-CPU/src/pl_datapath.sv Line: 281
Info (12128): Elaborating entity "pl_dmem" for hierarchy "pl_cpu:cpu|pl_datapath:datapath|pl_dmem:dmem" File: C:/Users/phso/Documents/RISC-V-PIPELINE-CPU/src/pl_datapath.sv Line: 424
Info (12128): Elaborating entity "pl_mmio" for hierarchy "pl_cpu:cpu|pl_datapath:datapath|pl_mmio:mmio" File: C:/Users/phso/Documents/RISC-V-PIPELINE-CPU/src/pl_datapath.sv Line: 440
Info (12128): Elaborating entity "pl_uart" for hierarchy "pl_cpu:cpu|pl_datapath:datapath|pl_mmio:mmio|pl_uart:uart_inst" File: C:/Users/phso/Documents/RISC-V-PIPELINE-CPU/src/pl_mmio.sv Line: 66
Warning (10230): Verilog HDL assignment warning at pl_uart.sv(100): truncated value with size 32 to match size of target (16) File: C:/Users/phso/Documents/RISC-V-PIPELINE-CPU/src/pl_uart.sv Line: 100
Warning (10230): Verilog HDL assignment warning at pl_uart.sv(114): truncated value with size 32 to match size of target (3) File: C:/Users/phso/Documents/RISC-V-PIPELINE-CPU/src/pl_uart.sv Line: 114
Warning (10230): Verilog HDL assignment warning at pl_uart.sv(117): truncated value with size 32 to match size of target (16) File: C:/Users/phso/Documents/RISC-V-PIPELINE-CPU/src/pl_uart.sv Line: 117
Warning (10230): Verilog HDL assignment warning at pl_uart.sv(129): truncated value with size 32 to match size of target (16) File: C:/Users/phso/Documents/RISC-V-PIPELINE-CPU/src/pl_uart.sv Line: 129
Warning (10230): Verilog HDL assignment warning at pl_uart.sv(199): truncated value with size 32 to match size of target (16) File: C:/Users/phso/Documents/RISC-V-PIPELINE-CPU/src/pl_uart.sv Line: 199
Warning (10230): Verilog HDL assignment warning at pl_uart.sv(212): truncated value with size 32 to match size of target (3) File: C:/Users/phso/Documents/RISC-V-PIPELINE-CPU/src/pl_uart.sv Line: 212
Warning (10230): Verilog HDL assignment warning at pl_uart.sv(215): truncated value with size 32 to match size of target (16) File: C:/Users/phso/Documents/RISC-V-PIPELINE-CPU/src/pl_uart.sv Line: 215
Warning (10230): Verilog HDL assignment warning at pl_uart.sv(230): truncated value with size 32 to match size of target (16) File: C:/Users/phso/Documents/RISC-V-PIPELINE-CPU/src/pl_uart.sv Line: 230
Warning (276027): Inferred dual-clock RAM node "pl_cpu:cpu|pl_datapath:datapath|pl_regfile:regfile|rf_rtl_0" from synchronous design logic.  The read-during-write behavior of a dual-clock RAM is undefined and may not match the behavior of the original design.
Info (276014): Found 2 instances of uninferred RAM logic
    Info (276007): RAM logic "pl_cpu:cpu|pl_datapath:datapath|pl_regfile:regfile|rf" is uninferred due to asynchronous read logic File: C:/Users/phso/Documents/RISC-V-PIPELINE-CPU/src/pl_regfile.sv Line: 34
    Info (276007): RAM logic "pl_cpu:cpu|pl_datapath:datapath|pl_dmem:dmem|ram" is uninferred due to asynchronous read logic File: C:/Users/phso/Documents/RISC-V-PIPELINE-CPU/src/pl_dmem.sv Line: 26
Warning (113031): 7 out of 256 addresses are reinitialized. The latest initialized data will replace the existing data. There are 7 warnings found, and 7 warnings are reported. File: C:/Users/phso/Documents/RISC-V-PIPELINE-CPU/quartus/data.mif Line: 1
    Warning (113030): Memory Initialization File address 128 is reinitialized File: C:/Users/phso/Documents/RISC-V-PIPELINE-CPU/quartus/ Line: 17
    Warning (113030): Memory Initialization File address 129 is reinitialized File: C:/Users/phso/Documents/RISC-V-PIPELINE-CPU/quartus/ Line: 18
    Warning (113030): Memory Initialization File address 130 is reinitialized File: C:/Users/phso/Documents/RISC-V-PIPELINE-CPU/quartus/ Line: 19
    Warning (113030): Memory Initialization File address 131 is reinitialized File: C:/Users/phso/Documents/RISC-V-PIPELINE-CPU/quartus/ Line: 20
    Warning (113030): Memory Initialization File address 132 is reinitialized File: C:/Users/phso/Documents/RISC-V-PIPELINE-CPU/quartus/ Line: 21
    Warning (113030): Memory Initialization File address 133 is reinitialized File: C:/Users/phso/Documents/RISC-V-PIPELINE-CPU/quartus/ Line: 22
    Warning (113030): Memory Initialization File address 134 is reinitialized File: C:/Users/phso/Documents/RISC-V-PIPELINE-CPU/quartus/ Line: 23
Info (19000): Inferred 1 megafunctions from design logic
    Info (276029): Inferred altsyncram megafunction from the following design logic: "pl_cpu:cpu|pl_datapath:datapath|pl_regfile:regfile|rf_rtl_0" 
        Info (286033): Parameter OPERATION_MODE set to DUAL_PORT
        Info (286033): Parameter WIDTH_A set to 32
        Info (286033): Parameter WIDTHAD_A set to 5
        Info (286033): Parameter NUMWORDS_A set to 32
        Info (286033): Parameter WIDTH_B set to 32
        Info (286033): Parameter WIDTHAD_B set to 5
        Info (286033): Parameter NUMWORDS_B set to 32
        Info (286033): Parameter ADDRESS_ACLR_A set to NONE
        Info (286033): Parameter OUTDATA_REG_B set to UNREGISTERED
        Info (286033): Parameter ADDRESS_ACLR_B set to NONE
        Info (286033): Parameter OUTDATA_ACLR_B set to NONE
        Info (286033): Parameter ADDRESS_REG_B set to CLOCK1
        Info (286033): Parameter INDATA_ACLR_A set to NONE
        Info (286033): Parameter WRCONTROL_ACLR_A set to NONE
Info (12130): Elaborated megafunction instantiation "pl_cpu:cpu|pl_datapath:datapath|pl_regfile:regfile|altsyncram:rf_rtl_0"
Info (12133): Instantiated megafunction "pl_cpu:cpu|pl_datapath:datapath|pl_regfile:regfile|altsyncram:rf_rtl_0" with the following parameter:
    Info (12134): Parameter "OPERATION_MODE" = "DUAL_PORT"
    Info (12134): Parameter "WIDTH_A" = "32"
    Info (12134): Parameter "WIDTHAD_A" = "5"
    Info (12134): Parameter "NUMWORDS_A" = "32"
    Info (12134): Parameter "WIDTH_B" = "32"
    Info (12134): Parameter "WIDTHAD_B" = "5"
    Info (12134): Parameter "NUMWORDS_B" = "32"
    Info (12134): Parameter "ADDRESS_ACLR_A" = "NONE"
    Info (12134): Parameter "OUTDATA_REG_B" = "UNREGISTERED"
    Info (12134): Parameter "ADDRESS_ACLR_B" = "NONE"
    Info (12134): Parameter "OUTDATA_ACLR_B" = "NONE"
    Info (12134): Parameter "ADDRESS_REG_B" = "CLOCK1"
    Info (12134): Parameter "INDATA_ACLR_A" = "NONE"
    Info (12134): Parameter "WRCONTROL_ACLR_A" = "NONE"
Info (12021): Found 1 design units, including 1 entities, in source file db/altsyncram_kvc1.tdf
    Info (12023): Found entity 1: altsyncram_kvc1 File: C:/Users/phso/Documents/RISC-V-PIPELINE-CPU/quartus/db/altsyncram_kvc1.tdf Line: 28
Info (13000): Registers with preset signals will power-up high File: C:/Users/phso/Documents/RISC-V-PIPELINE-CPU/src/pl_uart.sv Line: 45
Info (13003): DEV_CLRn pin will set, and not reset, register with preset signal due to NOT Gate Push-Back
Info (286030): Timing-Driven Synthesis is running
Info (17049): 70 registers lost all their fanouts during netlist optimizations.
Info (144001): Generated suppressed messages file C:/Users/phso/Documents/RISC-V-PIPELINE-CPU/quartus/output_files/RISCV.map.smsg
Info (16010): Generating hard_block partition "hard_block:auto_generated_inst"
    Info (16011): Adding 0 node(s), including 0 DDIO, 0 PLL, 0 transceiver and 0 LCELL
Info (21057): Implemented 18411 device resources after synthesis - the final resource count might be different
    Info (21058): Implemented 24 input pins
    Info (21059): Implemented 28 output pins
    Info (21061): Implemented 18327 logic cells
    Info (21064): Implemented 32 RAM segments
Info: Quartus Prime Analysis & Synthesis was successful. 0 errors, 21 warnings
    Info: Peak virtual memory: 4996 megabytes
    Info: Processing ended: Sat Jun 27 14:08:51 2026
    Info: Elapsed time: 00:00:24
    Info: Total CPU time (on all processors): 00:00:36


+------------------------------------------+
; Analysis & Synthesis Suppressed Messages ;
+------------------------------------------+
The suppressed messages can be found in C:/Users/phso/Documents/RISC-V-PIPELINE-CPU/quartus/output_files/RISCV.map.smsg.


